[ 2013-07-07T00:23:10+08:00 ] 127.0.0.1 /github/cwx/cwxsns/index.php/Public/login
INFO: [ route_check ] --START--
INFO: Run CheckRoute Behavior [ RunTime:0.001007s ]
INFO: [ route_check ] --END-- [ RunTime:0.001108s ]
NOTIC: [2] array_merge() [<a href='function.array-merge'>function.array-merge</a>]: Argument #1 is not an array E:\phpdev\Github\cwx\CwxSNS\sns\Conf\Home\config.php 第 6 行.
INFO: [ app_begin ] --START--
INFO: Run ReadHtmlCache Behavior [ RunTime:0.000605s ]
INFO: [ app_begin ] --END-- [ RunTime:0.000672s ]
INFO: [ view_template ] --START--
INFO: Run LocationTemplate Behavior [ RunTime:0.000890s ]
INFO: [ view_template ] --END-- [ RunTime:0.000965s ]
INFO: [ view_parse ] --START--
INFO: Run ParseTemplate Behavior [ RunTime:0.064802s ]
INFO: [ view_parse ] --END-- [ RunTime:0.064929s ]
INFO: [ view_filter ] --START--
INFO: Run ContentReplace Behavior [ RunTime:0.000881s ]
INFO: Run TokenBuild Behavior [ RunTime:0.000872s ]
INFO: Run WriteHtmlCache Behavior [ RunTime:0.000679s ]
INFO: Run ShowRuntime Behavior [ RunTime:0.000975s ]
INFO: [ view_filter ] --END-- [ RunTime:0.003700s ]
INFO: [ view_end ] --START--
INFO: Run ShowPageTrace Behavior [ RunTime:0.001267s ]
INFO: [ view_end ] --END-- [ RunTime:0.001368s ]

[ 2013-07-07T00:23:11+08:00 ] 127.0.0.1 /github/cwx/cwxsns/index.php/Public/login
INFO: [ route_check ] --START--
INFO: Run CheckRoute Behavior [ RunTime:0.000869s ]
INFO: [ route_check ] --END-- [ RunTime:0.001034s ]
NOTIC: [2] array_merge() [<a href='function.array-merge'>function.array-merge</a>]: Argument #1 is not an array E:\phpdev\Github\cwx\CwxSNS\sns\Conf\Home\config.php 第 6 行.
INFO: [ app_begin ] --START--
INFO: Run ReadHtmlCache Behavior [ RunTime:0.000457s ]
INFO: [ app_begin ] --END-- [ RunTime:0.000519s ]
INFO: [ view_template ] --START--
INFO: Run LocationTemplate Behavior [ RunTime:0.000280s ]
INFO: [ view_template ] --END-- [ RunTime:0.000323s ]
INFO: [ view_parse ] --START--
INFO: Run ParseTemplate Behavior [ RunTime:0.005247s ]
INFO: [ view_parse ] --END-- [ RunTime:0.005337s ]
INFO: [ view_filter ] --START--
INFO: Run ContentReplace Behavior [ RunTime:0.000250s ]
INFO: Run TokenBuild Behavior [ RunTime:0.000310s ]
INFO: Run WriteHtmlCache Behavior [ RunTime:0.000206s ]
INFO: Run ShowRuntime Behavior [ RunTime:0.000308s ]
INFO: [ view_filter ] --END-- [ RunTime:0.001193s ]
INFO: [ view_end ] --START--
INFO: Run ShowPageTrace Behavior [ RunTime:0.000437s ]
INFO: [ view_end ] --END-- [ RunTime:0.000477s ]

[ 2013-07-07T00:23:16+08:00 ] 127.0.0.1 /github/cwx/cwxsns/index.php/Public/checkLogin
INFO: [ route_check ] --START--
INFO: Run CheckRoute Behavior [ RunTime:0.000676s ]
INFO: [ route_check ] --END-- [ RunTime:0.000752s ]
NOTIC: [2] array_merge() [<a href='function.array-merge'>function.array-merge</a>]: Argument #1 is not an array E:\phpdev\Github\cwx\CwxSNS\sns\Conf\Home\config.php 第 6 行.
INFO: [ app_begin ] --START--
INFO: Run ReadHtmlCache Behavior [ RunTime:0.000449s ]
INFO: [ app_begin ] --END-- [ RunTime:0.000500s ]
SQL: SHOW COLUMNS FROM `sns_users` [ RunTime:0.063413s ]
SQL: SELECT * FROM `sns_users` WHERE ( email='xindachao@126.com' ) LIMIT 1   [ RunTime:0.000408s ]
NOTIC: [8] A session had already been started - ignoring session_start() E:\phpdev\Github\cwx\CwxSNS\ThinkPHP\Common\functions.php 第 552 行.
INFO: [ view_template ] --START--
INFO: Run LocationTemplate Behavior [ RunTime:0.000614s ]
INFO: [ view_template ] --END-- [ RunTime:0.000677s ]
INFO: [ view_parse ] --START--
INFO: Run ParseTemplate Behavior [ RunTime:0.006669s ]
INFO: [ view_parse ] --END-- [ RunTime:0.006764s ]
INFO: [ view_filter ] --START--
INFO: Run ContentReplace Behavior [ RunTime:0.000309s ]
INFO: Run TokenBuild Behavior [ RunTime:0.000319s ]
INFO: Run WriteHtmlCache Behavior [ RunTime:0.000221s ]
INFO: Run ShowRuntime Behavior [ RunTime:0.000375s ]
INFO: [ view_filter ] --END-- [ RunTime:0.001364s ]
INFO: [ view_end ] --START--
INFO: Run ShowPageTrace Behavior [ RunTime:0.000502s ]
INFO: [ view_end ] --END-- [ RunTime:0.000553s ]

[ 2013-07-07T00:23:17+08:00 ] 127.0.0.1 /github/cwx/cwxsns/index.php/Index/index
INFO: [ route_check ] --START--
INFO: Run CheckRoute Behavior [ RunTime:0.001650s ]
INFO: [ route_check ] --END-- [ RunTime:0.001861s ]
NOTIC: [2] array_merge() [<a href='function.array-merge'>function.array-merge</a>]: Argument #1 is not an array E:\phpdev\Github\cwx\CwxSNS\sns\Conf\Home\config.php 第 6 行.
INFO: [ app_begin ] --START--
INFO: Run ReadHtmlCache Behavior [ RunTime:0.000938s ]
INFO: [ app_begin ] --END-- [ RunTime:0.001047s ]
SQL: SHOW COLUMNS FROM `sns_users` [ RunTime:0.005452s ]
SQL: SELECT * FROM `sns_users` WHERE ( `id` = 1 ) LIMIT 1   [ RunTime:0.000401s ]
INFO: [ view_template ] --START--
INFO: Run LocationTemplate Behavior [ RunTime:0.000660s ]
INFO: [ view_template ] --END-- [ RunTime:0.000730s ]
INFO: [ view_parse ] --START--
NOTIC: [8] Undefined variable: circles E:\phpdev\Github\cwx\CwxSNS\sns\Runtime\Cache\Home\6d74c2e80581904cc9064bfd7fa3da74.php 第 23 行.
INFO: Run ParseTemplate Behavior [ RunTime:0.007057s ]
INFO: [ view_parse ] --END-- [ RunTime:0.007108s ]
INFO: [ view_filter ] --START--
INFO: Run ContentReplace Behavior [ RunTime:0.000294s ]
INFO: Run TokenBuild Behavior [ RunTime:0.000259s ]
INFO: Run WriteHtmlCache Behavior [ RunTime:0.000197s ]
INFO: Run ShowRuntime Behavior [ RunTime:0.000305s ]
INFO: [ view_filter ] --END-- [ RunTime:0.001191s ]
INFO: [ view_end ] --START--
INFO: Run ShowPageTrace Behavior [ RunTime:0.000425s ]
INFO: [ view_end ] --END-- [ RunTime:0.000462s ]

[ 2013-07-07T00:28:33+08:00 ] 127.0.0.1 /github/cwx/cwxsns/index.php/Index/index
INFO: [ route_check ] --START--
INFO: Run CheckRoute Behavior [ RunTime:0.001046s ]
INFO: [ route_check ] --END-- [ RunTime:0.001138s ]
NOTIC: [2] array_merge() [<a href='function.array-merge'>function.array-merge</a>]: Argument #1 is not an array E:\phpdev\Github\cwx\CwxSNS\sns\Conf\Home\config.php 第 6 行.
INFO: [ app_begin ] --START--
INFO: Run ReadHtmlCache Behavior [ RunTime:0.000567s ]
INFO: [ app_begin ] --END-- [ RunTime:0.000622s ]
SQL: SHOW COLUMNS FROM `sns_users` [ RunTime:0.003053s ]
SQL: SELECT * FROM `sns_users` WHERE ( `id` = 1 ) LIMIT 1   [ RunTime:0.000388s ]
INFO: [ view_template ] --START--
INFO: Run LocationTemplate Behavior [ RunTime:0.000831s ]
INFO: [ view_template ] --END-- [ RunTime:0.000890s ]
INFO: [ view_parse ] --START--
NOTIC: [8] Undefined variable: circles E:\phpdev\Github\cwx\CwxSNS\sns\Runtime\Cache\Home\6d74c2e80581904cc9064bfd7fa3da74.php 第 23 行.
INFO: Run ParseTemplate Behavior [ RunTime:0.013153s ]
INFO: [ view_parse ] --END-- [ RunTime:0.013208s ]
INFO: [ view_filter ] --START--
INFO: Run ContentReplace Behavior [ RunTime:0.000358s ]
INFO: Run TokenBuild Behavior [ RunTime:0.000318s ]
INFO: Run WriteHtmlCache Behavior [ RunTime:0.000301s ]
INFO: Run ShowRuntime Behavior [ RunTime:0.000441s ]
INFO: [ view_filter ] --END-- [ RunTime:0.001541s ]
INFO: [ view_end ] --START--
INFO: Run ShowPageTrace Behavior [ RunTime:0.000518s ]
INFO: [ view_end ] --END-- [ RunTime:0.000556s ]

[ 2013-07-07T00:28:35+08:00 ] 127.0.0.1 /github/cwx/cwxsns/index.php/Circles/add
INFO: [ route_check ] --START--
INFO: Run CheckRoute Behavior [ RunTime:0.000680s ]
INFO: [ route_check ] --END-- [ RunTime:0.000756s ]
NOTIC: [2] array_merge() [<a href='function.array-merge'>function.array-merge</a>]: Argument #1 is not an array E:\phpdev\Github\cwx\CwxSNS\sns\Conf\Home\config.php 第 6 行.
INFO: [ app_begin ] --START--
INFO: Run ReadHtmlCache Behavior [ RunTime:0.000453s ]
INFO: [ app_begin ] --END-- [ RunTime:0.000505s ]
INFO: [ view_template ] --START--
INFO: Run LocationTemplate Behavior [ RunTime:0.000509s ]
INFO: [ view_template ] --END-- [ RunTime:0.000565s ]
INFO: [ view_parse ] --START--
INFO: Run ParseTemplate Behavior [ RunTime:0.007964s ]
INFO: [ view_parse ] --END-- [ RunTime:0.008058s ]
INFO: [ view_filter ] --START--
INFO: Run ContentReplace Behavior [ RunTime:0.000748s ]
INFO: Run TokenBuild Behavior [ RunTime:0.001076s ]
INFO: Run WriteHtmlCache Behavior [ RunTime:0.001272s ]
INFO: Run ShowRuntime Behavior [ RunTime:0.000610s ]
INFO: [ view_filter ] --END-- [ RunTime:0.004073s ]
INFO: [ view_end ] --START--
INFO: Run ShowPageTrace Behavior [ RunTime:0.000680s ]
INFO: [ view_end ] --END-- [ RunTime:0.000737s ]

[ 2013-07-07T00:33:29+08:00 ] 127.0.0.1 /github/cwx/cwxsns/index.php/Circles/insert
INFO: [ route_check ] --START--
INFO: Run CheckRoute Behavior [ RunTime:0.000782s ]
INFO: [ route_check ] --END-- [ RunTime:0.000851s ]
NOTIC: [2] array_merge() [<a href='function.array-merge'>function.array-merge</a>]: Argument #1 is not an array E:\phpdev\Github\cwx\CwxSNS\sns\Conf\Home\config.php 第 6 行.
INFO: [ app_begin ] --START--
INFO: Run ReadHtmlCache Behavior [ RunTime:0.000463s ]
INFO: [ app_begin ] --END-- [ RunTime:0.000510s ]

[ 2013-07-07T00:33:29+08:00 ] ERR: (ThinkException) Action:create您所请求的方法不存在！
[ 2013-07-07T00:34:03+08:00 ] 127.0.0.1 /github/cwx/cwxsns/index.php/Circles/insert
INFO: [ route_check ] --START--
INFO: Run CheckRoute Behavior [ RunTime:0.000753s ]
INFO: [ route_check ] --END-- [ RunTime:0.000862s ]
NOTIC: [2] array_merge() [<a href='function.array-merge'>function.array-merge</a>]: Argument #1 is not an array E:\phpdev\Github\cwx\CwxSNS\sns\Conf\Home\config.php 第 6 行.
INFO: [ app_begin ] --START--
INFO: Run ReadHtmlCache Behavior [ RunTime:0.000493s ]
INFO: [ app_begin ] --END-- [ RunTime:0.000562s ]
SQL: SHOW COLUMNS FROM `sns_circles` [ RunTime:0.002312s ]
SQL: INSERT INTO `sns_circles` (`name`,`join_question`,`join_answer`,`create_time`,`creator`) VALUES ('信安0801','信安0801班主任是谁？','胡朝举','2013-07-07 00:34:03',1) [ RunTime:0.084028s ]
INFO: [ view_template ] --START--
INFO: Run LocationTemplate Behavior [ RunTime:0.001027s ]
INFO: [ view_template ] --END-- [ RunTime:0.001245s ]
INFO: [ view_parse ] --START--
INFO: Run ParseTemplate Behavior [ RunTime:0.014963s ]
INFO: [ view_parse ] --END-- [ RunTime:0.015267s ]
INFO: [ view_filter ] --START--
INFO: Run ContentReplace Behavior [ RunTime:0.001274s ]
INFO: Run TokenBuild Behavior [ RunTime:0.000692s ]
INFO: Run WriteHtmlCache Behavior [ RunTime:0.000479s ]
INFO: Run ShowRuntime Behavior [ RunTime:0.000793s ]
INFO: [ view_filter ] --END-- [ RunTime:0.003600s ]
INFO: [ view_end ] --START--
INFO: Run ShowPageTrace Behavior [ RunTime:0.001484s ]
INFO: [ view_end ] --END-- [ RunTime:0.001597s ]

[ 2013-07-07T00:34:04+08:00 ] ERR: (ThinkException) 非法操作:Index
[ 2013-07-07T00:36:46+08:00 ] 127.0.0.1 /github/cwx/cwxsns/index.php/Circles/insert
INFO: [ route_check ] --START--
INFO: Run CheckRoute Behavior [ RunTime:0.002541s ]
INFO: [ route_check ] --END-- [ RunTime:0.002750s ]
NOTIC: [2] array_merge() [<a href='function.array-merge'>function.array-merge</a>]: Argument #1 is not an array E:\phpdev\Github\cwx\CwxSNS\sns\Conf\Home\config.php 第 6 行.
INFO: [ app_begin ] --START--
INFO: Run ReadHtmlCache Behavior [ RunTime:0.001337s ]
INFO: [ app_begin ] --END-- [ RunTime:0.001482s ]
SQL: SHOW COLUMNS FROM `sns_circles` [ RunTime:0.003155s ]
SQL: INSERT INTO `sns_circles` (`name`,`join_question`,`join_answer`,`create_time`,`creator`) VALUES ('Dreamtech','Dreamtech创建时间？','2000-10-02','2013-07-07 00:36:45',1) [ RunTime:0.051368s ]
INFO: [ view_template ] --START--
INFO: Run LocationTemplate Behavior [ RunTime:0.001738s ]
INFO: [ view_template ] --END-- [ RunTime:0.001917s ]
INFO: [ view_parse ] --START--
INFO: Run ParseTemplate Behavior [ RunTime:0.017068s ]
INFO: [ view_parse ] --END-- [ RunTime:0.017277s ]
INFO: [ view_filter ] --START--
INFO: Run ContentReplace Behavior [ RunTime:0.000801s ]
INFO: Run TokenBuild Behavior [ RunTime:0.001018s ]
INFO: Run WriteHtmlCache Behavior [ RunTime:0.000665s ]
INFO: Run ShowRuntime Behavior [ RunTime:0.000959s ]
INFO: [ view_filter ] --END-- [ RunTime:0.003758s ]
INFO: [ view_end ] --START--
INFO: Run ShowPageTrace Behavior [ RunTime:0.001277s ]
INFO: [ view_end ] --END-- [ RunTime:0.001381s ]

[ 2013-07-07T00:36:47+08:00 ] 127.0.0.1 /github/cwx/cwxsns/index.php/Index/index
INFO: [ route_check ] --START--
INFO: Run CheckRoute Behavior [ RunTime:0.000750s ]
INFO: [ route_check ] --END-- [ RunTime:0.000835s ]
NOTIC: [2] array_merge() [<a href='function.array-merge'>function.array-merge</a>]: Argument #1 is not an array E:\phpdev\Github\cwx\CwxSNS\sns\Conf\Home\config.php 第 6 行.
INFO: [ app_begin ] --START--
INFO: Run ReadHtmlCache Behavior [ RunTime:0.000491s ]
INFO: [ app_begin ] --END-- [ RunTime:0.000547s ]
SQL: SHOW COLUMNS FROM `sns_users` [ RunTime:0.004894s ]
SQL: SELECT * FROM `sns_users` WHERE ( `id` = 1 ) LIMIT 1   [ RunTime:0.000626s ]
INFO: [ view_template ] --START--
INFO: Run LocationTemplate Behavior [ RunTime:0.000915s ]
INFO: [ view_template ] --END-- [ RunTime:0.001002s ]
INFO: [ view_parse ] --START--
NOTIC: [8] Undefined variable: circles E:\phpdev\Github\cwx\CwxSNS\sns\Runtime\Cache\Home\6d74c2e80581904cc9064bfd7fa3da74.php 第 23 行.
INFO: Run ParseTemplate Behavior [ RunTime:0.007646s ]
INFO: [ view_parse ] --END-- [ RunTime:0.007702s ]
INFO: [ view_filter ] --START--
INFO: Run ContentReplace Behavior [ RunTime:0.000259s ]
INFO: Run TokenBuild Behavior [ RunTime:0.000251s ]
INFO: Run WriteHtmlCache Behavior [ RunTime:0.000177s ]
INFO: Run ShowRuntime Behavior [ RunTime:0.000325s ]
INFO: [ view_filter ] --END-- [ RunTime:0.001121s ]
INFO: [ view_end ] --START--
INFO: Run ShowPageTrace Behavior [ RunTime:0.000402s ]
INFO: [ view_end ] --END-- [ RunTime:0.000441s ]

[ 2013-07-07T00:41:58+08:00 ] 127.0.0.1 /github/cwx/cwxsns/index.php/Circles/add
INFO: [ route_check ] --START--
INFO: Run CheckRoute Behavior [ RunTime:0.001254s ]
INFO: [ route_check ] --END-- [ RunTime:0.001369s ]
NOTIC: [2] array_merge() [<a href='function.array-merge'>function.array-merge</a>]: Argument #1 is not an array E:\phpdev\Github\cwx\CwxSNS\sns\Conf\Home\config.php 第 6 行.
INFO: [ app_begin ] --START--
INFO: Run ReadHtmlCache Behavior [ RunTime:0.000568s ]
INFO: [ app_begin ] --END-- [ RunTime:0.000636s ]
INFO: [ view_template ] --START--
INFO: Run LocationTemplate Behavior [ RunTime:0.000628s ]
INFO: [ view_template ] --END-- [ RunTime:0.000689s ]
INFO: [ view_parse ] --START--
INFO: Run ParseTemplate Behavior [ RunTime:0.005999s ]
INFO: [ view_parse ] --END-- [ RunTime:0.006076s ]
INFO: [ view_filter ] --START--
INFO: Run ContentReplace Behavior [ RunTime:0.000354s ]
INFO: Run TokenBuild Behavior [ RunTime:0.000393s ]
INFO: Run WriteHtmlCache Behavior [ RunTime:0.000272s ]
INFO: Run ShowRuntime Behavior [ RunTime:0.000414s ]
INFO: [ view_filter ] --END-- [ RunTime:0.001580s ]
INFO: [ view_end ] --START--
INFO: Run ShowPageTrace Behavior [ RunTime:0.000722s ]
INFO: [ view_end ] --END-- [ RunTime:0.000779s ]

[ 2013-07-07T00:42:57+08:00 ] 127.0.0.1 /github/cwx/cwxsns/index.php/Circles/insert
INFO: [ route_check ] --START--
INFO: Run CheckRoute Behavior [ RunTime:0.002107s ]
INFO: [ route_check ] --END-- [ RunTime:0.002293s ]
NOTIC: [2] array_merge() [<a href='function.array-merge'>function.array-merge</a>]: Argument #1 is not an array E:\phpdev\Github\cwx\CwxSNS\sns\Conf\Home\config.php 第 6 行.
INFO: [ app_begin ] --START--
INFO: Run ReadHtmlCache Behavior [ RunTime:0.001272s ]
INFO: [ app_begin ] --END-- [ RunTime:0.001372s ]
SQL: SHOW COLUMNS FROM `sns_circles` [ RunTime:0.002684s ]
SQL: INSERT INTO `sns_circles` (`name`,`join_question`,`join_answer`,`create_time`,`creator`) VALUES ('信安0801男生成员','信安0801班长是谁？','ps','2013-07-07 00:42:57',1) [ RunTime:0.048204s ]
SQL: SHOW COLUMNS FROM `sns_relations` [ RunTime:0.005629s ]
SQL: INSERT INTO `sns_relations` (`user_id`,`cir_id`,`join_time`) VALUES (1,3,'2013-07-07 00:42:57') [ RunTime:0.060320s ]
INFO: [ view_template ] --START--
INFO: Run LocationTemplate Behavior [ RunTime:0.001318s ]
INFO: [ view_template ] --END-- [ RunTime:0.001435s ]
INFO: [ view_parse ] --START--
INFO: Run ParseTemplate Behavior [ RunTime:0.014603s ]
INFO: [ view_parse ] --END-- [ RunTime:0.014777s ]
INFO: [ view_filter ] --START--
INFO: Run ContentReplace Behavior [ RunTime:0.000785s ]
INFO: Run TokenBuild Behavior [ RunTime:0.000796s ]
INFO: Run WriteHtmlCache Behavior [ RunTime:0.000613s ]
INFO: Run ShowRuntime Behavior [ RunTime:0.000933s ]
INFO: [ view_filter ] --END-- [ RunTime:0.003419s ]
INFO: [ view_end ] --START--
INFO: Run ShowPageTrace Behavior [ RunTime:0.001199s ]
INFO: [ view_end ] --END-- [ RunTime:0.001299s ]

[ 2013-07-07T00:42:58+08:00 ] 127.0.0.1 /github/cwx/cwxsns/index.php/Index/index
INFO: [ route_check ] --START--
INFO: Run CheckRoute Behavior [ RunTime:0.001243s ]
INFO: [ route_check ] --END-- [ RunTime:0.001476s ]
NOTIC: [2] array_merge() [<a href='function.array-merge'>function.array-merge</a>]: Argument #1 is not an array E:\phpdev\Github\cwx\CwxSNS\sns\Conf\Home\config.php 第 6 行.
INFO: [ app_begin ] --START--
INFO: Run ReadHtmlCache Behavior [ RunTime:0.000518s ]
INFO: [ app_begin ] --END-- [ RunTime:0.000579s ]
SQL: SHOW COLUMNS FROM `sns_users` [ RunTime:0.002594s ]
SQL: SELECT * FROM `sns_users` WHERE ( `id` = 1 ) LIMIT 1   [ RunTime:0.000339s ]
INFO: [ view_template ] --START--
INFO: Run LocationTemplate Behavior [ RunTime:0.000747s ]
INFO: [ view_template ] --END-- [ RunTime:0.000807s ]
INFO: [ view_parse ] --START--
NOTIC: [8] Undefined variable: circles E:\phpdev\Github\cwx\CwxSNS\sns\Runtime\Cache\Home\6d74c2e80581904cc9064bfd7fa3da74.php 第 23 行.
INFO: Run ParseTemplate Behavior [ RunTime:0.007432s ]
INFO: [ view_parse ] --END-- [ RunTime:0.007490s ]
INFO: [ view_filter ] --START--
INFO: Run ContentReplace Behavior [ RunTime:0.000364s ]
INFO: Run TokenBuild Behavior [ RunTime:0.000389s ]
INFO: Run WriteHtmlCache Behavior [ RunTime:0.000306s ]
INFO: Run ShowRuntime Behavior [ RunTime:0.000633s ]
INFO: [ view_filter ] --END-- [ RunTime:0.001895s ]
INFO: [ view_end ] --START--
INFO: Run ShowPageTrace Behavior [ RunTime:0.000883s ]
INFO: [ view_end ] --END-- [ RunTime:0.000943s ]

[ 2013-07-07T00:55:17+08:00 ] 127.0.0.1 /github/cwx/cwxsns/index.php/Circles/search
INFO: [ route_check ] --START--
INFO: Run CheckRoute Behavior [ RunTime:0.001788s ]
INFO: [ route_check ] --END-- [ RunTime:0.001951s ]
NOTIC: [2] array_merge() [<a href='function.array-merge'>function.array-merge</a>]: Argument #1 is not an array E:\phpdev\Github\cwx\CwxSNS\sns\Conf\Home\config.php 第 6 行.
INFO: [ app_begin ] --START--
INFO: Run ReadHtmlCache Behavior [ RunTime:0.001115s ]
INFO: [ app_begin ] --END-- [ RunTime:0.001228s ]
INFO: [ view_template ] --START--
INFO: Run LocationTemplate Behavior [ RunTime:0.001173s ]
INFO: [ view_template ] --END-- [ RunTime:0.001279s ]
INFO: [ view_parse ] --START--
NOTIC: [8] Undefined variable: circles E:\phpdev\Github\cwx\CwxSNS\sns\Runtime\Cache\Home\8e555abf440baed0c6187b2accd2ec3b.php 第 12 行.
INFO: Run ParseTemplate Behavior [ RunTime:0.007015s ]
INFO: [ view_parse ] --END-- [ RunTime:0.007069s ]
INFO: [ view_filter ] --START--
INFO: Run ContentReplace Behavior [ RunTime:0.000315s ]
INFO: Run TokenBuild Behavior [ RunTime:0.000327s ]
INFO: Run WriteHtmlCache Behavior [ RunTime:0.000253s ]
INFO: Run ShowRuntime Behavior [ RunTime:0.000376s ]
INFO: [ view_filter ] --END-- [ RunTime:0.001410s ]
INFO: [ view_end ] --START--
INFO: Run ShowPageTrace Behavior [ RunTime:0.000533s ]
INFO: [ view_end ] --END-- [ RunTime:0.000574s ]

[ 2013-07-07T00:55:24+08:00 ] 127.0.0.1 /github/cwx/cwxsns/index.php/Circles/search
INFO: [ route_check ] --START--
INFO: Run CheckRoute Behavior [ RunTime:0.000845s ]
INFO: [ route_check ] --END-- [ RunTime:0.000921s ]
NOTIC: [2] array_merge() [<a href='function.array-merge'>function.array-merge</a>]: Argument #1 is not an array E:\phpdev\Github\cwx\CwxSNS\sns\Conf\Home\config.php 第 6 行.
INFO: [ app_begin ] --START--
INFO: Run ReadHtmlCache Behavior [ RunTime:0.000768s ]
INFO: [ app_begin ] --END-- [ RunTime:0.000892s ]
SQL: SHOW COLUMNS FROM `sns_circles` [ RunTime:0.002353s ]
SQL: SELECT * FROM `sns_circles` WHERE ( name like '%信安%' )  [ RunTime:0.046267s ]
INFO: [ view_template ] --START--
INFO: Run LocationTemplate Behavior [ RunTime:0.001591s ]
INFO: [ view_template ] --END-- [ RunTime:0.001713s ]
INFO: [ view_parse ] --START--
INFO: Run ParseTemplate Behavior [ RunTime:0.016650s ]
INFO: [ view_parse ] --END-- [ RunTime:0.016831s ]
INFO: [ view_filter ] --START--
INFO: Run ContentReplace Behavior [ RunTime:0.000801s ]
INFO: Run TokenBuild Behavior [ RunTime:0.000886s ]
INFO: Run WriteHtmlCache Behavior [ RunTime:0.000623s ]
INFO: Run ShowRuntime Behavior [ RunTime:0.000942s ]
INFO: [ view_filter ] --END-- [ RunTime:0.003551s ]
INFO: [ view_end ] --START--
INFO: Run ShowPageTrace Behavior [ RunTime:0.001200s ]
INFO: [ view_end ] --END-- [ RunTime:0.001299s ]

[ 2013-07-07T00:56:11+08:00 ] 127.0.0.1 /github/cwx/cwxsns/index.php/Circles/search
INFO: [ route_check ] --START--
INFO: Run CheckRoute Behavior [ RunTime:0.000713s ]
INFO: [ route_check ] --END-- [ RunTime:0.000807s ]
NOTIC: [2] array_merge() [<a href='function.array-merge'>function.array-merge</a>]: Argument #1 is not an array E:\phpdev\Github\cwx\CwxSNS\sns\Conf\Home\config.php 第 6 行.
INFO: [ app_begin ] --START--
INFO: Run ReadHtmlCache Behavior [ RunTime:0.000477s ]
INFO: [ app_begin ] --END-- [ RunTime:0.000530s ]
INFO: [ view_template ] --START--
INFO: Run LocationTemplate Behavior [ RunTime:0.000330s ]
INFO: [ view_template ] --END-- [ RunTime:0.000387s ]
INFO: [ view_parse ] --START--
NOTIC: [8] Undefined variable: circles E:\phpdev\Github\cwx\CwxSNS\sns\Runtime\Cache\Home\8e555abf440baed0c6187b2accd2ec3b.php 第 12 行.
INFO: Run ParseTemplate Behavior [ RunTime:0.007573s ]
INFO: [ view_parse ] --END-- [ RunTime:0.007639s ]
INFO: [ view_filter ] --START--
INFO: Run ContentReplace Behavior [ RunTime:0.000381s ]
INFO: Run TokenBuild Behavior [ RunTime:0.000381s ]
INFO: Run WriteHtmlCache Behavior [ RunTime:0.000271s ]
INFO: Run ShowRuntime Behavior [ RunTime:0.000429s ]
INFO: [ view_filter ] --END-- [ RunTime:0.001643s ]
INFO: [ view_end ] --START--
INFO: Run ShowPageTrace Behavior [ RunTime:0.000578s ]
INFO: [ view_end ] --END-- [ RunTime:0.000634s ]

[ 2013-07-07T00:56:15+08:00 ] 127.0.0.1 /github/cwx/cwxsns/index.php/Circles/search
INFO: [ route_check ] --START--
INFO: Run CheckRoute Behavior [ RunTime:0.000671s ]
INFO: [ route_check ] --END-- [ RunTime:0.000747s ]
NOTIC: [2] array_merge() [<a href='function.array-merge'>function.array-merge</a>]: Argument #1 is not an array E:\phpdev\Github\cwx\CwxSNS\sns\Conf\Home\config.php 第 6 行.
INFO: [ app_begin ] --START--
INFO: Run ReadHtmlCache Behavior [ RunTime:0.000453s ]
INFO: [ app_begin ] --END-- [ RunTime:0.000505s ]
SQL: SHOW COLUMNS FROM `sns_circles` [ RunTime:0.002457s ]
SQL: SELECT * FROM `sns_circles` WHERE ( name like '%信安%' )  [ RunTime:0.000348s ]
INFO: [ view_template ] --START--
INFO: Run LocationTemplate Behavior [ RunTime:0.000455s ]
INFO: [ view_template ] --END-- [ RunTime:0.000511s ]
INFO: [ view_parse ] --START--
INFO: Run ParseTemplate Behavior [ RunTime:0.010493s ]
INFO: [ view_parse ] --END-- [ RunTime:0.010588s ]
INFO: [ view_filter ] --START--
INFO: Run ContentReplace Behavior [ RunTime:0.000351s ]
INFO: Run TokenBuild Behavior [ RunTime:0.000352s ]
INFO: Run WriteHtmlCache Behavior [ RunTime:0.000222s ]
INFO: Run ShowRuntime Behavior [ RunTime:0.000379s ]
INFO: [ view_filter ] --END-- [ RunTime:0.001444s ]
INFO: [ view_end ] --START--
INFO: Run ShowPageTrace Behavior [ RunTime:0.000505s ]
INFO: [ view_end ] --END-- [ RunTime:0.000553s ]

[ 2013-07-07T00:56:46+08:00 ] 127.0.0.1 /github/cwx/cwxsns/index.php/Circles/search
INFO: [ route_check ] --START--
INFO: Run CheckRoute Behavior [ RunTime:0.001795s ]
INFO: [ route_check ] --END-- [ RunTime:0.001946s ]
NOTIC: [2] array_merge() [<a href='function.array-merge'>function.array-merge</a>]: Argument #1 is not an array E:\phpdev\Github\cwx\CwxSNS\sns\Conf\Home\config.php 第 6 行.
INFO: [ app_begin ] --START--
INFO: Run ReadHtmlCache Behavior [ RunTime:0.001096s ]
INFO: [ app_begin ] --END-- [ RunTime:0.001207s ]
INFO: [ view_template ] --START--
INFO: Run LocationTemplate Behavior [ RunTime:0.001422s ]
INFO: [ view_template ] --END-- [ RunTime:0.001559s ]
INFO: [ view_parse ] --START--
NOTIC: [8] Undefined variable: circles E:\phpdev\Github\cwx\CwxSNS\sns\Runtime\Cache\Home\8e555abf440baed0c6187b2accd2ec3b.php 第 12 行.
INFO: Run ParseTemplate Behavior [ RunTime:0.010489s ]
INFO: [ view_parse ] --END-- [ RunTime:0.010562s ]
INFO: [ view_filter ] --START--
INFO: Run ContentReplace Behavior [ RunTime:0.000464s ]
INFO: Run TokenBuild Behavior [ RunTime:0.000479s ]
INFO: Run WriteHtmlCache Behavior [ RunTime:0.000355s ]
INFO: Run ShowRuntime Behavior [ RunTime:0.000537s ]
INFO: [ view_filter ] --END-- [ RunTime:0.002000s ]
INFO: [ view_end ] --START--
INFO: Run ShowPageTrace Behavior [ RunTime:0.000765s ]
INFO: [ view_end ] --END-- [ RunTime:0.000822s ]

[ 2013-07-07T00:56:49+08:00 ] 127.0.0.1 /github/cwx/cwxsns/index.php/Circles/search
INFO: [ route_check ] --START--
INFO: Run CheckRoute Behavior [ RunTime:0.000682s ]
INFO: [ route_check ] --END-- [ RunTime:0.000755s ]
NOTIC: [2] array_merge() [<a href='function.array-merge'>function.array-merge</a>]: Argument #1 is not an array E:\phpdev\Github\cwx\CwxSNS\sns\Conf\Home\config.php 第 6 行.
INFO: [ app_begin ] --START--
INFO: Run ReadHtmlCache Behavior [ RunTime:0.000455s ]
INFO: [ app_begin ] --END-- [ RunTime:0.000506s ]
SQL: SHOW COLUMNS FROM `sns_circles` [ RunTime:0.004182s ]
SQL: SELECT * FROM `sns_circles` WHERE ( name like '%信安%' )  [ RunTime:0.000829s ]
INFO: [ view_template ] --START--
INFO: Run LocationTemplate Behavior [ RunTime:0.000988s ]
INFO: [ view_template ] --END-- [ RunTime:0.001114s ]
INFO: [ view_parse ] --START--
INFO: Run ParseTemplate Behavior [ RunTime:0.008157s ]
INFO: [ view_parse ] --END-- [ RunTime:0.008249s ]
INFO: [ view_filter ] --START--
INFO: Run ContentReplace Behavior [ RunTime:0.000265s ]
INFO: Run TokenBuild Behavior [ RunTime:0.000255s ]
INFO: Run WriteHtmlCache Behavior [ RunTime:0.000179s ]
INFO: Run ShowRuntime Behavior [ RunTime:0.000310s ]
INFO: [ view_filter ] --END-- [ RunTime:0.001122s ]
INFO: [ view_end ] --START--
INFO: Run ShowPageTrace Behavior [ RunTime:0.000447s ]
INFO: [ view_end ] --END-- [ RunTime:0.000485s ]

[ 2013-07-07T00:57:02+08:00 ] 127.0.0.1 /github/cwx/cwxsns/index.php/Circles/search
INFO: [ route_check ] --START--
INFO: Run CheckRoute Behavior [ RunTime:0.000741s ]
INFO: [ route_check ] --END-- [ RunTime:0.000815s ]
NOTIC: [2] array_merge() [<a href='function.array-merge'>function.array-merge</a>]: Argument #1 is not an array E:\phpdev\Github\cwx\CwxSNS\sns\Conf\Home\config.php 第 6 行.
INFO: [ app_begin ] --START--
INFO: Run ReadHtmlCache Behavior [ RunTime:0.000546s ]
INFO: [ app_begin ] --END-- [ RunTime:0.000610s ]
INFO: [ view_template ] --START--
INFO: Run LocationTemplate Behavior [ RunTime:0.000604s ]
INFO: [ view_template ] --END-- [ RunTime:0.000681s ]
INFO: [ view_parse ] --START--
NOTIC: [8] Undefined variable: circles E:\phpdev\Github\cwx\CwxSNS\sns\Runtime\Cache\Home\8e555abf440baed0c6187b2accd2ec3b.php 第 12 行.
INFO: Run ParseTemplate Behavior [ RunTime:0.011411s ]
INFO: [ view_parse ] --END-- [ RunTime:0.011461s ]
INFO: [ view_filter ] --START--
INFO: Run ContentReplace Behavior [ RunTime:0.000310s ]
INFO: Run TokenBuild Behavior [ RunTime:0.000323s ]
INFO: Run WriteHtmlCache Behavior [ RunTime:0.000247s ]
INFO: Run ShowRuntime Behavior [ RunTime:0.000372s ]
INFO: [ view_filter ] --END-- [ RunTime:0.001391s ]
INFO: [ view_end ] --START--
INFO: Run ShowPageTrace Behavior [ RunTime:0.000469s ]
INFO: [ view_end ] --END-- [ RunTime:0.000509s ]

[ 2013-07-07T00:57:05+08:00 ] 127.0.0.1 /github/cwx/cwxsns/index.php/Circles/search
INFO: [ route_check ] --START--
INFO: Run CheckRoute Behavior [ RunTime:0.000680s ]
INFO: [ route_check ] --END-- [ RunTime:0.000758s ]
NOTIC: [2] array_merge() [<a href='function.array-merge'>function.array-merge</a>]: Argument #1 is not an array E:\phpdev\Github\cwx\CwxSNS\sns\Conf\Home\config.php 第 6 行.
INFO: [ app_begin ] --START--
INFO: Run ReadHtmlCache Behavior [ RunTime:0.000455s ]
INFO: [ app_begin ] --END-- [ RunTime:0.000507s ]
SQL: SHOW COLUMNS FROM `sns_circles` [ RunTime:0.002493s ]
SQL: SELECT * FROM `sns_circles` WHERE ( name like '%信安%' )  [ RunTime:0.000336s ]
INFO: [ view_template ] --START--
INFO: Run LocationTemplate Behavior [ RunTime:0.000453s ]
INFO: [ view_template ] --END-- [ RunTime:0.000508s ]
INFO: [ view_parse ] --START--
INFO: Run ParseTemplate Behavior [ RunTime:0.006815s ]
INFO: [ view_parse ] --END-- [ RunTime:0.006879s ]
INFO: [ view_filter ] --START--
INFO: Run ContentReplace Behavior [ RunTime:0.000310s ]
INFO: Run TokenBuild Behavior [ RunTime:0.000336s ]
INFO: Run WriteHtmlCache Behavior [ RunTime:0.000263s ]
INFO: Run ShowRuntime Behavior [ RunTime:0.000558s ]
INFO: [ view_filter ] --END-- [ RunTime:0.001687s ]
INFO: [ view_end ] --START--
INFO: Run ShowPageTrace Behavior [ RunTime:0.000625s ]
INFO: [ view_end ] --END-- [ RunTime:0.000686s ]

[ 2013-07-07T09:25:30+08:00 ] 127.0.0.1 /github/cwx/cwxsns/index.php/Circles/search
INFO: [ route_check ] --START--
INFO: Run CheckRoute Behavior [ RunTime:0.002320s ]
INFO: [ route_check ] --END-- [ RunTime:0.002539s ]
NOTIC: [2] array_merge() [<a href='function.array-merge'>function.array-merge</a>]: Argument #1 is not an array E:\phpdev\Github\cwx\CwxSNS\sns\Conf\Home\config.php 第 6 行.
INFO: [ app_begin ] --START--
INFO: Run ReadHtmlCache Behavior [ RunTime:0.001424s ]
INFO: [ app_begin ] --END-- [ RunTime:0.001624s ]
INFO: [ view_template ] --START--
INFO: Run LocationTemplate Behavior [ RunTime:0.000788s ]
INFO: [ view_template ] --END-- [ RunTime:0.000891s ]
INFO: [ view_parse ] --START--
NOTIC: [8] Undefined variable: circles E:\phpdev\Github\cwx\CwxSNS\sns\Runtime\Cache\Home\8e555abf440baed0c6187b2accd2ec3b.php 第 12 行.
INFO: Run ParseTemplate Behavior [ RunTime:0.006811s ]
INFO: [ view_parse ] --END-- [ RunTime:0.006861s ]
INFO: [ view_filter ] --START--
INFO: Run ContentReplace Behavior [ RunTime:0.000337s ]
INFO: Run TokenBuild Behavior [ RunTime:0.000316s ]
INFO: Run WriteHtmlCache Behavior [ RunTime:0.000241s ]
INFO: Run ShowRuntime Behavior [ RunTime:0.000389s ]
INFO: [ view_filter ] --END-- [ RunTime:0.001394s ]
INFO: [ view_end ] --START--
INFO: Run ShowPageTrace Behavior [ RunTime:0.000468s ]
INFO: [ view_end ] --END-- [ RunTime:0.000506s ]

[ 2013-07-07T09:25:34+08:00 ] 127.0.0.1 /github/cwx/cwxsns/index.php/Circles/search
INFO: [ route_check ] --START--
INFO: Run CheckRoute Behavior [ RunTime:0.000686s ]
INFO: [ route_check ] --END-- [ RunTime:0.000765s ]
NOTIC: [2] array_merge() [<a href='function.array-merge'>function.array-merge</a>]: Argument #1 is not an array E:\phpdev\Github\cwx\CwxSNS\sns\Conf\Home\config.php 第 6 行.
INFO: [ app_begin ] --START--
INFO: Run ReadHtmlCache Behavior [ RunTime:0.000448s ]
INFO: [ app_begin ] --END-- [ RunTime:0.000500s ]
SQL: SHOW COLUMNS FROM `sns_circles` [ RunTime:0.002464s ]
SQL: SELECT * FROM `sns_circles` WHERE ( name like '%信安%' )  [ RunTime:0.000324s ]
INFO: [ view_template ] --START--
INFO: Run LocationTemplate Behavior [ RunTime:0.000399s ]
INFO: [ view_template ] --END-- [ RunTime:0.000448s ]
INFO: [ view_parse ] --START--
INFO: Run ParseTemplate Behavior [ RunTime:0.005877s ]
INFO: [ view_parse ] --END-- [ RunTime:0.005933s ]
INFO: [ view_filter ] --START--
INFO: Run ContentReplace Behavior [ RunTime:0.000251s ]
INFO: Run TokenBuild Behavior [ RunTime:0.000284s ]
INFO: Run WriteHtmlCache Behavior [ RunTime:0.000197s ]
INFO: Run ShowRuntime Behavior [ RunTime:0.000335s ]
INFO: [ view_filter ] --END-- [ RunTime:0.001184s ]
INFO: [ view_end ] --START--
INFO: Run ShowPageTrace Behavior [ RunTime:0.000927s ]
INFO: [ view_end ] --END-- [ RunTime:0.001033s ]

[ 2013-07-07T09:25:40+08:00 ] ERR: (ThinkException) 非法操作:apply
[ 2013-07-07T09:25:41+08:00 ] 127.0.0.1 /github/cwx/cwxsns/index.php/Circles/search
INFO: [ route_check ] --START--
INFO: Run CheckRoute Behavior [ RunTime:0.000695s ]
INFO: [ route_check ] --END-- [ RunTime:0.000774s ]
NOTIC: [2] array_merge() [<a href='function.array-merge'>function.array-merge</a>]: Argument #1 is not an array E:\phpdev\Github\cwx\CwxSNS\sns\Conf\Home\config.php 第 6 行.
INFO: [ app_begin ] --START--
INFO: Run ReadHtmlCache Behavior [ RunTime:0.000464s ]
INFO: [ app_begin ] --END-- [ RunTime:0.000518s ]
INFO: [ view_template ] --START--
INFO: Run LocationTemplate Behavior [ RunTime:0.000659s ]
INFO: [ view_template ] --END-- [ RunTime:0.000721s ]
INFO: [ view_parse ] --START--
NOTIC: [8] Undefined variable: circles E:\phpdev\Github\cwx\CwxSNS\sns\Runtime\Cache\Home\8e555abf440baed0c6187b2accd2ec3b.php 第 12 行.
INFO: Run ParseTemplate Behavior [ RunTime:0.007600s ]
INFO: [ view_parse ] --END-- [ RunTime:0.007659s ]
INFO: [ view_filter ] --START--
INFO: Run ContentReplace Behavior [ RunTime:0.000388s ]
INFO: Run TokenBuild Behavior [ RunTime:0.000388s ]
INFO: Run WriteHtmlCache Behavior [ RunTime:0.000295s ]
INFO: Run ShowRuntime Behavior [ RunTime:0.000453s ]
INFO: [ view_filter ] --END-- [ RunTime:0.001663s ]
INFO: [ view_end ] --START--
INFO: Run ShowPageTrace Behavior [ RunTime:0.000604s ]
INFO: [ view_end ] --END-- [ RunTime:0.000669s ]

[ 2013-07-07T09:25:45+08:00 ] 127.0.0.1 /github/cwx/cwxsns/index.php/Circles/search
INFO: [ route_check ] --START--
INFO: Run CheckRoute Behavior [ RunTime:0.000699s ]
INFO: [ route_check ] --END-- [ RunTime:0.000784s ]
NOTIC: [2] array_merge() [<a href='function.array-merge'>function.array-merge</a>]: Argument #1 is not an array E:\phpdev\Github\cwx\CwxSNS\sns\Conf\Home\config.php 第 6 行.
INFO: [ app_begin ] --START--
INFO: Run ReadHtmlCache Behavior [ RunTime:0.000453s ]
INFO: [ app_begin ] --END-- [ RunTime:0.000505s ]
SQL: SHOW COLUMNS FROM `sns_circles` [ RunTime:0.004209s ]
SQL: SELECT * FROM `sns_circles` WHERE ( name like '%信安%' )  [ RunTime:0.000914s ]
INFO: [ view_template ] --START--
INFO: Run LocationTemplate Behavior [ RunTime:0.000917s ]
INFO: [ view_template ] --END-- [ RunTime:0.001024s ]
INFO: [ view_parse ] --START--
INFO: Run ParseTemplate Behavior [ RunTime:0.008500s ]
INFO: [ view_parse ] --END-- [ RunTime:0.008578s ]
INFO: [ view_filter ] --START--
INFO: Run ContentReplace Behavior [ RunTime:0.000253s ]
INFO: Run TokenBuild Behavior [ RunTime:0.000278s ]
INFO: Run WriteHtmlCache Behavior [ RunTime:0.000180s ]
INFO: Run ShowRuntime Behavior [ RunTime:0.000302s ]
INFO: [ view_filter ] --END-- [ RunTime:0.001133s ]
INFO: [ view_end ] --START--
INFO: Run ShowPageTrace Behavior [ RunTime:0.000453s ]
INFO: [ view_end ] --END-- [ RunTime:0.000490s ]

[ 2013-07-07T09:26:23+08:00 ] 127.0.0.1 /github/cwx/cwxsns/index.php/Circles/search
INFO: [ route_check ] --START--
INFO: Run CheckRoute Behavior [ RunTime:0.001435s ]
INFO: [ route_check ] --END-- [ RunTime:0.001586s ]
NOTIC: [2] array_merge() [<a href='function.array-merge'>function.array-merge</a>]: Argument #1 is not an array E:\phpdev\Github\cwx\CwxSNS\sns\Conf\Home\config.php 第 6 行.
INFO: [ app_begin ] --START--
INFO: Run ReadHtmlCache Behavior [ RunTime:0.001079s ]
INFO: [ app_begin ] --END-- [ RunTime:0.001219s ]
INFO: [ view_template ] --START--
INFO: Run LocationTemplate Behavior [ RunTime:0.000675s ]
INFO: [ view_template ] --END-- [ RunTime:0.000793s ]
INFO: [ view_parse ] --START--
NOTIC: [8] Undefined variable: circles E:\phpdev\Github\cwx\CwxSNS\sns\Runtime\Cache\Home\8e555abf440baed0c6187b2accd2ec3b.php 第 12 行.
INFO: Run ParseTemplate Behavior [ RunTime:0.008435s ]
INFO: [ view_parse ] --END-- [ RunTime:0.008525s ]
INFO: [ view_filter ] --START--
INFO: Run ContentReplace Behavior [ RunTime:0.000314s ]
INFO: Run TokenBuild Behavior [ RunTime:0.000288s ]
INFO: Run WriteHtmlCache Behavior [ RunTime:0.000197s ]
INFO: Run ShowRuntime Behavior [ RunTime:0.000336s ]
INFO: [ view_filter ] --END-- [ RunTime:0.001305s ]
INFO: [ view_end ] --START--
INFO: Run ShowPageTrace Behavior [ RunTime:0.000460s ]
INFO: [ view_end ] --END-- [ RunTime:0.000508s ]

[ 2013-07-07T09:26:26+08:00 ] 127.0.0.1 /github/cwx/cwxsns/index.php/Circles/search?keyword=%E4%BF%A1%E5%AE%89
INFO: [ route_check ] --START--
INFO: Run CheckRoute Behavior [ RunTime:0.001088s ]
INFO: [ route_check ] --END-- [ RunTime:0.001273s ]
NOTIC: [2] array_merge() [<a href='function.array-merge'>function.array-merge</a>]: Argument #1 is not an array E:\phpdev\Github\cwx\CwxSNS\sns\Conf\Home\config.php 第 6 行.
INFO: [ app_begin ] --START--
INFO: Run ReadHtmlCache Behavior [ RunTime:0.000662s ]
INFO: [ app_begin ] --END-- [ RunTime:0.000783s ]
SQL: SHOW COLUMNS FROM `sns_circles` [ RunTime:0.002761s ]
SQL: SELECT * FROM `sns_circles` WHERE ( name like '%信安%' )  [ RunTime:0.000285s ]
INFO: [ view_template ] --START--
INFO: Run LocationTemplate Behavior [ RunTime:0.000390s ]
INFO: [ view_template ] --END-- [ RunTime:0.000458s ]
INFO: [ view_parse ] --START--
INFO: Run ParseTemplate Behavior [ RunTime:0.008659s ]
INFO: [ view_parse ] --END-- [ RunTime:0.008808s ]
INFO: [ view_filter ] --START--
INFO: Run ContentReplace Behavior [ RunTime:0.000911s ]
INFO: Run TokenBuild Behavior [ RunTime:0.000678s ]
INFO: Run WriteHtmlCache Behavior [ RunTime:0.000357s ]
INFO: Run ShowRuntime Behavior [ RunTime:0.000549s ]
INFO: [ view_filter ] --END-- [ RunTime:0.002765s ]
INFO: [ view_end ] --START--
INFO: Run ShowPageTrace Behavior [ RunTime:0.000793s ]
INFO: [ view_end ] --END-- [ RunTime:0.000875s ]

[ 2013-07-07T09:26:28+08:00 ] 127.0.0.1 /github/cwx/cwxsns/index.php/Circles/search?keyword=%E4%BF%A1%E5%AE%89
INFO: [ route_check ] --START--
INFO: Run CheckRoute Behavior [ RunTime:0.000796s ]
INFO: [ route_check ] --END-- [ RunTime:0.000887s ]
NOTIC: [2] array_merge() [<a href='function.array-merge'>function.array-merge</a>]: Argument #1 is not an array E:\phpdev\Github\cwx\CwxSNS\sns\Conf\Home\config.php 第 6 行.
INFO: [ app_begin ] --START--
INFO: Run ReadHtmlCache Behavior [ RunTime:0.000395s ]
INFO: [ app_begin ] --END-- [ RunTime:0.000438s ]
SQL: SHOW COLUMNS FROM `sns_circles` [ RunTime:0.002210s ]
SQL: SELECT * FROM `sns_circles` WHERE ( name like '%信安%' )  [ RunTime:0.000296s ]
INFO: [ view_template ] --START--
INFO: Run LocationTemplate Behavior [ RunTime:0.000396s ]
INFO: [ view_template ] --END-- [ RunTime:0.000443s ]
INFO: [ view_parse ] --START--
INFO: Run ParseTemplate Behavior [ RunTime:0.005822s ]
INFO: [ view_parse ] --END-- [ RunTime:0.005878s ]
INFO: [ view_filter ] --START--
INFO: Run ContentReplace Behavior [ RunTime:0.000294s ]
INFO: Run TokenBuild Behavior [ RunTime:0.000279s ]
INFO: Run WriteHtmlCache Behavior [ RunTime:0.000179s ]
INFO: Run ShowRuntime Behavior [ RunTime:0.000303s ]
INFO: [ view_filter ] --END-- [ RunTime:0.001185s ]
INFO: [ view_end ] --START--
INFO: Run ShowPageTrace Behavior [ RunTime:0.000426s ]
INFO: [ view_end ] --END-- [ RunTime:0.000465s ]

[ 2013-07-07T09:26:28+08:00 ] 127.0.0.1 /github/cwx/cwxsns/index.php/Circles/search?keyword=%E4%BF%A1%E5%AE%89
INFO: [ route_check ] --START--
INFO: Run CheckRoute Behavior [ RunTime:0.000978s ]
INFO: [ route_check ] --END-- [ RunTime:0.001095s ]
NOTIC: [2] array_merge() [<a href='function.array-merge'>function.array-merge</a>]: Argument #1 is not an array E:\phpdev\Github\cwx\CwxSNS\sns\Conf\Home\config.php 第 6 行.
INFO: [ app_begin ] --START--
INFO: Run ReadHtmlCache Behavior [ RunTime:0.000561s ]
INFO: [ app_begin ] --END-- [ RunTime:0.000624s ]
SQL: SHOW COLUMNS FROM `sns_circles` [ RunTime:0.002858s ]
SQL: SELECT * FROM `sns_circles` WHERE ( name like '%信安%' )  [ RunTime:0.000356s ]
INFO: [ view_template ] --START--
INFO: Run LocationTemplate Behavior [ RunTime:0.000518s ]
INFO: [ view_template ] --END-- [ RunTime:0.000583s ]
INFO: [ view_parse ] --START--
INFO: Run ParseTemplate Behavior [ RunTime:0.008060s ]
INFO: [ view_parse ] --END-- [ RunTime:0.008124s ]
INFO: [ view_filter ] --START--
INFO: Run ContentReplace Behavior [ RunTime:0.000248s ]
INFO: Run TokenBuild Behavior [ RunTime:0.000273s ]
INFO: Run WriteHtmlCache Behavior [ RunTime:0.000177s ]
INFO: Run ShowRuntime Behavior [ RunTime:0.000301s ]
INFO: [ view_filter ] --END-- [ RunTime:0.001109s ]
INFO: [ view_end ] --START--
INFO: Run ShowPageTrace Behavior [ RunTime:0.000430s ]
INFO: [ view_end ] --END-- [ RunTime:0.000471s ]

[ 2013-07-07T09:28:32+08:00 ] 127.0.0.1 /github/cwx/cwxsns/index.php/Index
INFO: [ route_check ] --START--
INFO: Run CheckRoute Behavior [ RunTime:0.001954s ]
INFO: [ route_check ] --END-- [ RunTime:0.002123s ]
NOTIC: [2] array_merge() [<a href='function.array-merge'>function.array-merge</a>]: Argument #1 is not an array E:\phpdev\Github\cwx\CwxSNS\sns\Conf\Home\config.php 第 6 行.
INFO: [ app_begin ] --START--
INFO: Run ReadHtmlCache Behavior [ RunTime:0.001030s ]
INFO: [ app_begin ] --END-- [ RunTime:0.001105s ]
SQL: SHOW COLUMNS FROM `sns_users` [ RunTime:0.002433s ]
SQL: SELECT * FROM `sns_users` WHERE ( `id` = 1 ) LIMIT 1   [ RunTime:0.000327s ]
INFO: [ view_template ] --START--
INFO: Run LocationTemplate Behavior [ RunTime:0.000750s ]
INFO: [ view_template ] --END-- [ RunTime:0.000800s ]
INFO: [ view_parse ] --START--
NOTIC: [8] Undefined variable: circles E:\phpdev\Github\cwx\CwxSNS\sns\Runtime\Cache\Home\6d74c2e80581904cc9064bfd7fa3da74.php 第 23 行.
INFO: Run ParseTemplate Behavior [ RunTime:0.006961s ]
INFO: [ view_parse ] --END-- [ RunTime:0.007010s ]
INFO: [ view_filter ] --START--
INFO: Run ContentReplace Behavior [ RunTime:0.000318s ]
INFO: Run TokenBuild Behavior [ RunTime:0.000311s ]
INFO: Run WriteHtmlCache Behavior [ RunTime:0.000253s ]
INFO: Run ShowRuntime Behavior [ RunTime:0.000384s ]
INFO: [ view_filter ] --END-- [ RunTime:0.001375s ]
INFO: [ view_end ] --START--
INFO: Run ShowPageTrace Behavior [ RunTime:0.000470s ]
INFO: [ view_end ] --END-- [ RunTime:0.000509s ]

[ 2013-07-07T09:35:45+08:00 ] 127.0.0.1 /github/cwx/cwxsns/index.php/Index
INFO: [ route_check ] --START--
INFO: Run CheckRoute Behavior [ RunTime:0.002893s ]
INFO: [ route_check ] --END-- [ RunTime:0.003142s ]
NOTIC: [2] array_merge() [<a href='function.array-merge'>function.array-merge</a>]: Argument #1 is not an array E:\phpdev\Github\cwx\CwxSNS\sns\Conf\Home\config.php 第 6 行.
INFO: [ app_begin ] --START--
INFO: Run ReadHtmlCache Behavior [ RunTime:0.001333s ]
INFO: [ app_begin ] --END-- [ RunTime:0.001475s ]
SQL: SHOW COLUMNS FROM `sns_users` [ RunTime:0.002545s ]
SQL: SELECT * FROM `sns_users` WHERE ( `id` = 1 ) LIMIT 1   [ RunTime:0.000343s ]
SQL: SHOW COLUMNS FROM `sns_circles` [ RunTime:0.030095s ]
SQL: select c.id,c.name,r.join_time from sns_circles c inner join sns_relations r on c.id=r.cir_id where user_id=1 [ RunTime:0.013759s ]
INFO: [ view_template ] --START--
INFO: Run LocationTemplate Behavior [ RunTime:0.000707s ]
INFO: [ view_template ] --END-- [ RunTime:0.000756s ]
INFO: [ view_parse ] --START--
INFO: Run ParseTemplate Behavior [ RunTime:0.006468s ]
INFO: [ view_parse ] --END-- [ RunTime:0.006523s ]
INFO: [ view_filter ] --START--
INFO: Run ContentReplace Behavior [ RunTime:0.000307s ]
INFO: Run TokenBuild Behavior [ RunTime:0.000311s ]
INFO: Run WriteHtmlCache Behavior [ RunTime:0.000300s ]
INFO: Run ShowRuntime Behavior [ RunTime:0.000451s ]
INFO: [ view_filter ] --END-- [ RunTime:0.001501s ]
INFO: [ view_end ] --START--
INFO: Run ShowPageTrace Behavior [ RunTime:0.000512s ]
INFO: [ view_end ] --END-- [ RunTime:0.000551s ]

[ 2013-07-07T09:35:47+08:00 ] 127.0.0.1 /github/cwx/cwxsns/index.php/Index
INFO: [ route_check ] --START--
INFO: Run CheckRoute Behavior [ RunTime:0.000679s ]
INFO: [ route_check ] --END-- [ RunTime:0.000755s ]
NOTIC: [2] array_merge() [<a href='function.array-merge'>function.array-merge</a>]: Argument #1 is not an array E:\phpdev\Github\cwx\CwxSNS\sns\Conf\Home\config.php 第 6 行.
INFO: [ app_begin ] --START--
INFO: Run ReadHtmlCache Behavior [ RunTime:0.000450s ]
INFO: [ app_begin ] --END-- [ RunTime:0.000506s ]
SQL: SHOW COLUMNS FROM `sns_users` [ RunTime:0.002263s ]
SQL: SELECT * FROM `sns_users` WHERE ( `id` = 1 ) LIMIT 1   [ RunTime:0.000310s ]
SQL: SHOW COLUMNS FROM `sns_circles` [ RunTime:0.002092s ]
SQL: select c.id,c.name,r.join_time from sns_circles c inner join sns_relations r on c.id=r.cir_id where user_id=1 [ RunTime:0.000281s ]
INFO: [ view_template ] --START--
INFO: Run LocationTemplate Behavior [ RunTime:0.000424s ]
INFO: [ view_template ] --END-- [ RunTime:0.000485s ]
INFO: [ view_parse ] --START--
INFO: Run ParseTemplate Behavior [ RunTime:0.007273s ]
INFO: [ view_parse ] --END-- [ RunTime:0.007342s ]
INFO: [ view_filter ] --START--
INFO: Run ContentReplace Behavior [ RunTime:0.000259s ]
INFO: Run TokenBuild Behavior [ RunTime:0.000276s ]
INFO: Run WriteHtmlCache Behavior [ RunTime:0.000179s ]
INFO: Run ShowRuntime Behavior [ RunTime:0.000304s ]
INFO: [ view_filter ] --END-- [ RunTime:0.001126s ]
INFO: [ view_end ] --START--
INFO: Run ShowPageTrace Behavior [ RunTime:0.000436s ]
INFO: [ view_end ] --END-- [ RunTime:0.000473s ]

[ 2013-07-07T09:35:48+08:00 ] 127.0.0.1 /github/cwx/cwxsns/index.php/Index
INFO: [ route_check ] --START--
INFO: Run CheckRoute Behavior [ RunTime:0.000682s ]
INFO: [ route_check ] --END-- [ RunTime:0.000759s ]
NOTIC: [2] array_merge() [<a href='function.array-merge'>function.array-merge</a>]: Argument #1 is not an array E:\phpdev\Github\cwx\CwxSNS\sns\Conf\Home\config.php 第 6 行.
INFO: [ app_begin ] --START--
INFO: Run ReadHtmlCache Behavior [ RunTime:0.000461s ]
INFO: [ app_begin ] --END-- [ RunTime:0.000515s ]
SQL: SHOW COLUMNS FROM `sns_users` [ RunTime:0.002590s ]
SQL: SELECT * FROM `sns_users` WHERE ( `id` = 1 ) LIMIT 1   [ RunTime:0.000365s ]
SQL: SHOW COLUMNS FROM `sns_circles` [ RunTime:0.002512s ]
SQL: select c.id,c.name,r.join_time from sns_circles c inner join sns_relations r on c.id=r.cir_id where user_id=1 [ RunTime:0.000331s ]
INFO: [ view_template ] --START--
INFO: Run LocationTemplate Behavior [ RunTime:0.000453s ]
INFO: [ view_template ] --END-- [ RunTime:0.000509s ]
INFO: [ view_parse ] --START--
INFO: Run ParseTemplate Behavior [ RunTime:0.007389s ]
INFO: [ view_parse ] --END-- [ RunTime:0.007482s ]
INFO: [ view_filter ] --START--
INFO: Run ContentReplace Behavior [ RunTime:0.000436s ]
INFO: Run TokenBuild Behavior [ RunTime:0.000386s ]
INFO: Run WriteHtmlCache Behavior [ RunTime:0.000258s ]
INFO: Run ShowRuntime Behavior [ RunTime:0.000413s ]
INFO: [ view_filter ] --END-- [ RunTime:0.001670s ]
INFO: [ view_end ] --START--
INFO: Run ShowPageTrace Behavior [ RunTime:0.000587s ]
INFO: [ view_end ] --END-- [ RunTime:0.000650s ]

[ 2013-07-07T09:35:49+08:00 ] 127.0.0.1 /github/cwx/cwxsns/index.php/Index
INFO: [ route_check ] --START--
INFO: Run CheckRoute Behavior [ RunTime:0.000700s ]
INFO: [ route_check ] --END-- [ RunTime:0.000778s ]
NOTIC: [2] array_merge() [<a href='function.array-merge'>function.array-merge</a>]: Argument #1 is not an array E:\phpdev\Github\cwx\CwxSNS\sns\Conf\Home\config.php 第 6 行.
INFO: [ app_begin ] --START--
INFO: Run ReadHtmlCache Behavior [ RunTime:0.000456s ]
INFO: [ app_begin ] --END-- [ RunTime:0.000508s ]
SQL: SHOW COLUMNS FROM `sns_users` [ RunTime:0.002536s ]
SQL: SELECT * FROM `sns_users` WHERE ( `id` = 1 ) LIMIT 1   [ RunTime:0.000384s ]
SQL: SHOW COLUMNS FROM `sns_circles` [ RunTime:0.002377s ]
SQL: select c.id,c.name,r.join_time from sns_circles c inner join sns_relations r on c.id=r.cir_id where user_id=1 [ RunTime:0.000316s ]
INFO: [ view_template ] --START--
INFO: Run LocationTemplate Behavior [ RunTime:0.000411s ]
INFO: [ view_template ] --END-- [ RunTime:0.000463s ]
INFO: [ view_parse ] --START--
INFO: Run ParseTemplate Behavior [ RunTime:0.006304s ]
INFO: [ view_parse ] --END-- [ RunTime:0.006362s ]
INFO: [ view_filter ] --START--
INFO: Run ContentReplace Behavior [ RunTime:0.000247s ]
INFO: Run TokenBuild Behavior [ RunTime:0.000251s ]
INFO: Run WriteHtmlCache Behavior [ RunTime:0.000228s ]
INFO: Run ShowRuntime Behavior [ RunTime:0.000480s ]
INFO: [ view_filter ] --END-- [ RunTime:0.001344s ]
INFO: [ view_end ] --START--
INFO: Run ShowPageTrace Behavior [ RunTime:0.000594s ]
INFO: [ view_end ] --END-- [ RunTime:0.000660s ]

[ 2013-07-07T09:36:30+08:00 ] 127.0.0.1 /github/cwx/cwxsns/index.php/Index
INFO: [ route_check ] --START--
INFO: Run CheckRoute Behavior [ RunTime:0.001829s ]
INFO: [ route_check ] --END-- [ RunTime:0.001986s ]
NOTIC: [2] array_merge() [<a href='function.array-merge'>function.array-merge</a>]: Argument #1 is not an array E:\phpdev\Github\cwx\CwxSNS\sns\Conf\Home\config.php 第 6 行.
INFO: [ app_begin ] --START--
INFO: Run ReadHtmlCache Behavior [ RunTime:0.001127s ]
INFO: [ app_begin ] --END-- [ RunTime:0.001248s ]
SQL: SHOW COLUMNS FROM `sns_users` [ RunTime:0.002337s ]
SQL: SELECT * FROM `sns_users` WHERE ( `id` = 1 ) LIMIT 1   [ RunTime:0.000339s ]
SQL: SHOW COLUMNS FROM `sns_circles` [ RunTime:0.002122s ]
SQL: select c.id,c.name,r.join_time from sns_circles c inner join sns_relations r on c.id=r.cir_id where user_id=1 [ RunTime:0.000283s ]
INFO: [ view_template ] --START--
INFO: Run LocationTemplate Behavior [ RunTime:0.000709s ]
INFO: [ view_template ] --END-- [ RunTime:0.000759s ]
INFO: [ view_parse ] --START--
INFO: Run ParseTemplate Behavior [ RunTime:0.006625s ]
INFO: [ view_parse ] --END-- [ RunTime:0.006686s ]
INFO: [ view_filter ] --START--
INFO: Run ContentReplace Behavior [ RunTime:0.000364s ]
INFO: Run TokenBuild Behavior [ RunTime:0.000314s ]
INFO: Run WriteHtmlCache Behavior [ RunTime:0.000238s ]
INFO: Run ShowRuntime Behavior [ RunTime:0.000385s ]
INFO: [ view_filter ] --END-- [ RunTime:0.001412s ]
INFO: [ view_end ] --START--
INFO: Run ShowPageTrace Behavior [ RunTime:0.000464s ]
INFO: [ view_end ] --END-- [ RunTime:0.000502s ]

[ 2013-07-07T09:36:31+08:00 ] 127.0.0.1 /github/cwx/cwxsns/index.php/Index
INFO: [ route_check ] --START--
INFO: Run CheckRoute Behavior [ RunTime:0.000847s ]
INFO: [ route_check ] --END-- [ RunTime:0.000945s ]
NOTIC: [2] array_merge() [<a href='function.array-merge'>function.array-merge</a>]: Argument #1 is not an array E:\phpdev\Github\cwx\CwxSNS\sns\Conf\Home\config.php 第 6 行.
INFO: [ app_begin ] --START--
INFO: Run ReadHtmlCache Behavior [ RunTime:0.000525s ]
INFO: [ app_begin ] --END-- [ RunTime:0.000588s ]
SQL: SHOW COLUMNS FROM `sns_users` [ RunTime:0.003195s ]
SQL: SELECT * FROM `sns_users` WHERE ( `id` = 1 ) LIMIT 1   [ RunTime:0.000388s ]
SQL: SHOW COLUMNS FROM `sns_circles` [ RunTime:0.002646s ]
SQL: select c.id,c.name,r.join_time from sns_circles c inner join sns_relations r on c.id=r.cir_id where user_id=1 [ RunTime:0.000323s ]
INFO: [ view_template ] --START--
INFO: Run LocationTemplate Behavior [ RunTime:0.000499s ]
INFO: [ view_template ] --END-- [ RunTime:0.000563s ]
INFO: [ view_parse ] --START--
INFO: Run ParseTemplate Behavior [ RunTime:0.008147s ]
INFO: [ view_parse ] --END-- [ RunTime:0.008230s ]
INFO: [ view_filter ] --START--
INFO: Run ContentReplace Behavior [ RunTime:0.000313s ]
INFO: Run TokenBuild Behavior [ RunTime:0.000323s ]
INFO: Run WriteHtmlCache Behavior [ RunTime:0.000223s ]
INFO: Run ShowRuntime Behavior [ RunTime:0.000354s ]
INFO: [ view_filter ] --END-- [ RunTime:0.001363s ]
INFO: [ view_end ] --START--
INFO: Run ShowPageTrace Behavior [ RunTime:0.000596s ]
INFO: [ view_end ] --END-- [ RunTime:0.000655s ]

[ 2013-07-07T09:36:58+08:00 ] 127.0.0.1 /github/cwx/cwxsns/index.php/Index
INFO: [ route_check ] --START--
INFO: Run CheckRoute Behavior [ RunTime:0.001429s ]
INFO: [ route_check ] --END-- [ RunTime:0.001586s ]
NOTIC: [2] array_merge() [<a href='function.array-merge'>function.array-merge</a>]: Argument #1 is not an array E:\phpdev\Github\cwx\CwxSNS\sns\Conf\Home\config.php 第 6 行.
INFO: [ app_begin ] --START--
INFO: Run ReadHtmlCache Behavior [ RunTime:0.000951s ]
INFO: [ app_begin ] --END-- [ RunTime:0.001061s ]
SQL: SHOW COLUMNS FROM `sns_users` [ RunTime:0.003150s ]
SQL: SELECT * FROM `sns_users` WHERE ( `id` = 1 ) LIMIT 1   [ RunTime:0.000484s ]
SQL: SHOW COLUMNS FROM `sns_circles` [ RunTime:0.003090s ]
SQL: select c.id,c.name,r.join_time from sns_circles c inner join sns_relations r on c.id=r.cir_id where user_id=1 [ RunTime:0.000340s ]
INFO: [ view_template ] --START--
INFO: Run LocationTemplate Behavior [ RunTime:0.000401s ]
INFO: [ view_template ] --END-- [ RunTime:0.000450s ]
INFO: [ view_parse ] --START--
INFO: Run ParseTemplate Behavior [ RunTime:0.006100s ]
INFO: [ view_parse ] --END-- [ RunTime:0.006160s ]
INFO: [ view_filter ] --START--
INFO: Run ContentReplace Behavior [ RunTime:0.000266s ]
INFO: Run TokenBuild Behavior [ RunTime:0.000270s ]
INFO: Run WriteHtmlCache Behavior [ RunTime:0.000188s ]
INFO: Run ShowRuntime Behavior [ RunTime:0.000328s ]
INFO: [ view_filter ] --END-- [ RunTime:0.001166s ]
INFO: [ view_end ] --START--
INFO: Run ShowPageTrace Behavior [ RunTime:0.000432s ]
INFO: [ view_end ] --END-- [ RunTime:0.000471s ]

[ 2013-07-07T09:37:53+08:00 ] 127.0.0.1 /github/cwx/cwxsns/index.php/Index
INFO: [ route_check ] --START--
INFO: Run CheckRoute Behavior [ RunTime:0.001700s ]
INFO: [ route_check ] --END-- [ RunTime:0.001929s ]
NOTIC: [2] array_merge() [<a href='function.array-merge'>function.array-merge</a>]: Argument #1 is not an array E:\phpdev\Github\cwx\CwxSNS\sns\Conf\Home\config.php 第 6 行.
INFO: [ app_begin ] --START--
INFO: Run ReadHtmlCache Behavior [ RunTime:0.001177s ]
INFO: [ app_begin ] --END-- [ RunTime:0.001313s ]
SQL: SHOW COLUMNS FROM `sns_users` [ RunTime:0.002780s ]
SQL: SELECT * FROM `sns_users` WHERE ( `id` = 1 ) LIMIT 1   [ RunTime:0.000371s ]
SQL: SHOW COLUMNS FROM `sns_circles` [ RunTime:0.002874s ]
SQL: select c.id,c.name,r.join_time from sns_circles c inner join sns_relations r on c.id=r.cir_id where user_id=1 [ RunTime:0.000714s ]
INFO: [ view_template ] --START--
INFO: Run LocationTemplate Behavior [ RunTime:0.000659s ]
INFO: [ view_template ] --END-- [ RunTime:0.000741s ]
INFO: [ view_parse ] --START--
INFO: Run ParseTemplate Behavior [ RunTime:0.007572s ]
INFO: [ view_parse ] --END-- [ RunTime:0.007645s ]
INFO: [ view_filter ] --START--
INFO: Run ContentReplace Behavior [ RunTime:0.000320s ]
INFO: Run TokenBuild Behavior [ RunTime:0.000369s ]
INFO: Run WriteHtmlCache Behavior [ RunTime:0.000347s ]
INFO: Run ShowRuntime Behavior [ RunTime:0.000399s ]
INFO: [ view_filter ] --END-- [ RunTime:0.001596s ]
INFO: [ view_end ] --START--
INFO: Run ShowPageTrace Behavior [ RunTime:0.000795s ]
INFO: [ view_end ] --END-- [ RunTime:0.000859s ]

[ 2013-07-07T09:38:32+08:00 ] 127.0.0.1 /github/cwx/cwxsns/index.php/Index
INFO: [ route_check ] --START--
INFO: Run CheckRoute Behavior [ RunTime:0.001778s ]
INFO: [ route_check ] --END-- [ RunTime:0.001943s ]
NOTIC: [2] array_merge() [<a href='function.array-merge'>function.array-merge</a>]: Argument #1 is not an array E:\phpdev\Github\cwx\CwxSNS\sns\Conf\Home\config.php 第 6 行.
INFO: [ app_begin ] --START--
INFO: Run ReadHtmlCache Behavior [ RunTime:0.001110s ]
INFO: [ app_begin ] --END-- [ RunTime:0.001224s ]
SQL: SHOW COLUMNS FROM `sns_users` [ RunTime:0.002538s ]
SQL: SELECT * FROM `sns_users` WHERE ( `id` = 1 ) LIMIT 1   [ RunTime:0.000341s ]
SQL: SHOW COLUMNS FROM `sns_circles` [ RunTime:0.002070s ]
SQL: select c.id,c.name,r.join_time from sns_circles c inner join sns_relations r on c.id=r.cir_id where user_id=1 [ RunTime:0.000285s ]
INFO: [ view_template ] --START--
INFO: Run LocationTemplate Behavior [ RunTime:0.000725s ]
INFO: [ view_template ] --END-- [ RunTime:0.000775s ]
INFO: [ view_parse ] --START--
INFO: Run ParseTemplate Behavior [ RunTime:0.006808s ]
INFO: [ view_parse ] --END-- [ RunTime:0.006896s ]
INFO: [ view_filter ] --START--
INFO: Run ContentReplace Behavior [ RunTime:0.000412s ]
INFO: Run TokenBuild Behavior [ RunTime:0.000412s ]
INFO: Run WriteHtmlCache Behavior [ RunTime:0.000294s ]
INFO: Run ShowRuntime Behavior [ RunTime:0.000466s ]
INFO: [ view_filter ] --END-- [ RunTime:0.001725s ]
INFO: [ view_end ] --START--
INFO: Run ShowPageTrace Behavior [ RunTime:0.000611s ]
INFO: [ view_end ] --END-- [ RunTime:0.000672s ]

[ 2013-07-07T09:39:21+08:00 ] 127.0.0.1 /github/cwx/cwxsns/index.php/Index
INFO: [ route_check ] --START--
INFO: Run CheckRoute Behavior [ RunTime:0.002366s ]
INFO: [ route_check ] --END-- [ RunTime:0.002575s ]
NOTIC: [2] array_merge() [<a href='function.array-merge'>function.array-merge</a>]: Argument #1 is not an array E:\phpdev\Github\cwx\CwxSNS\sns\Conf\Home\config.php 第 6 行.
INFO: [ app_begin ] --START--
INFO: Run ReadHtmlCache Behavior [ RunTime:0.000569s ]
INFO: [ app_begin ] --END-- [ RunTime:0.000640s ]
SQL: SHOW COLUMNS FROM `sns_users` [ RunTime:0.002425s ]
SQL: SELECT * FROM `sns_users` WHERE ( `id` = 1 ) LIMIT 1   [ RunTime:0.000341s ]
SQL: SHOW COLUMNS FROM `sns_circles` [ RunTime:0.002077s ]
SQL: select c.id,c.name,r.join_time from sns_circles c inner join sns_relations r on c.id=r.cir_id where user_id=1 [ RunTime:0.000300s ]
INFO: [ view_template ] --START--
INFO: Run LocationTemplate Behavior [ RunTime:0.000727s ]
INFO: [ view_template ] --END-- [ RunTime:0.000778s ]
INFO: [ view_parse ] --START--
INFO: Run ParseTemplate Behavior [ RunTime:0.006930s ]
INFO: [ view_parse ] --END-- [ RunTime:0.006994s ]
INFO: [ view_filter ] --START--
INFO: Run ContentReplace Behavior [ RunTime:0.000349s ]
INFO: Run TokenBuild Behavior [ RunTime:0.000341s ]
INFO: Run WriteHtmlCache Behavior [ RunTime:0.000270s ]
INFO: Run ShowRuntime Behavior [ RunTime:0.000388s ]
INFO: [ view_filter ] --END-- [ RunTime:0.001465s ]
INFO: [ view_end ] --START--
INFO: Run ShowPageTrace Behavior [ RunTime:0.000505s ]
INFO: [ view_end ] --END-- [ RunTime:0.000546s ]

[ 2013-07-07T09:40:27+08:00 ] 127.0.0.1 /github/cwx/cwxsns/index.php/Index
INFO: [ route_check ] --START--
INFO: Run CheckRoute Behavior [ RunTime:0.001721s ]
INFO: [ route_check ] --END-- [ RunTime:0.001931s ]
NOTIC: [2] array_merge() [<a href='function.array-merge'>function.array-merge</a>]: Argument #1 is not an array E:\phpdev\Github\cwx\CwxSNS\sns\Conf\Home\config.php 第 6 行.
INFO: [ app_begin ] --START--
INFO: Run ReadHtmlCache Behavior [ RunTime:0.001099s ]
INFO: [ app_begin ] --END-- [ RunTime:0.001238s ]
SQL: SHOW COLUMNS FROM `sns_users` [ RunTime:0.002357s ]
SQL: SELECT * FROM `sns_users` WHERE ( `id` = 1 ) LIMIT 1   [ RunTime:0.000334s ]
SQL: SHOW COLUMNS FROM `sns_circles` [ RunTime:0.002537s ]
SQL: select c.id,c.name,r.join_time from sns_circles c inner join sns_relations r on c.id=r.cir_id where user_id=1 [ RunTime:0.000697s ]
INFO: [ view_template ] --START--
INFO: Run LocationTemplate Behavior [ RunTime:0.000931s ]
INFO: [ view_template ] --END-- [ RunTime:0.001032s ]
INFO: [ view_parse ] --START--
INFO: Run ParseTemplate Behavior [ RunTime:0.006137s ]
INFO: [ view_parse ] --END-- [ RunTime:0.006218s ]
INFO: [ view_filter ] --START--
INFO: Run ContentReplace Behavior [ RunTime:0.000249s ]
INFO: Run TokenBuild Behavior [ RunTime:0.000251s ]
INFO: Run WriteHtmlCache Behavior [ RunTime:0.000175s ]
INFO: Run ShowRuntime Behavior [ RunTime:0.000335s ]
INFO: [ view_filter ] --END-- [ RunTime:0.001115s ]
INFO: [ view_end ] --START--
INFO: Run ShowPageTrace Behavior [ RunTime:0.000404s ]
INFO: [ view_end ] --END-- [ RunTime:0.000441s ]

[ 2013-07-07T09:40:29+08:00 ] ERR: (ThinkException) 模板不存在[sns/Tpl/Home/Circles/map.html]
[ 2013-07-07T09:41:13+08:00 ] 127.0.0.1 /github/cwx/cwxsns/index.php/Circles/map
INFO: [ route_check ] --START--
INFO: Run CheckRoute Behavior [ RunTime:0.001512s ]
INFO: [ route_check ] --END-- [ RunTime:0.001693s ]
NOTIC: [2] array_merge() [<a href='function.array-merge'>function.array-merge</a>]: Argument #1 is not an array E:\phpdev\Github\cwx\CwxSNS\sns\Conf\Home\config.php 第 6 行.
INFO: [ app_begin ] --START--
INFO: Run ReadHtmlCache Behavior [ RunTime:0.000965s ]
INFO: [ app_begin ] --END-- [ RunTime:0.001072s ]
INFO: [ view_template ] --START--
INFO: Run LocationTemplate Behavior [ RunTime:0.000963s ]
INFO: [ view_template ] --END-- [ RunTime:0.001083s ]
INFO: [ view_parse ] --START--
INFO: Run ParseTemplate Behavior [ RunTime:0.013987s ]
INFO: [ view_parse ] --END-- [ RunTime:0.014079s ]
INFO: [ view_filter ] --START--
INFO: Run ContentReplace Behavior [ RunTime:0.000362s ]
INFO: Run TokenBuild Behavior [ RunTime:0.000311s ]
INFO: Run WriteHtmlCache Behavior [ RunTime:0.000181s ]
INFO: Run ShowRuntime Behavior [ RunTime:0.000319s ]
INFO: [ view_filter ] --END-- [ RunTime:0.001308s ]
INFO: [ view_end ] --START--
INFO: Run ShowPageTrace Behavior [ RunTime:0.000412s ]
INFO: [ view_end ] --END-- [ RunTime:0.000451s ]

[ 2013-07-07T09:41:13+08:00 ] ERR: (ThinkException) 非法操作:close
[ 2013-07-07T09:41:13+08:00 ] ERR: (ThinkException) 非法操作:close
[ 2013-07-07T09:41:38+08:00 ] 127.0.0.1 /github/cwx/cwxsns/index.php/Index
INFO: [ route_check ] --START--
INFO: Run CheckRoute Behavior [ RunTime:0.002045s ]
INFO: [ route_check ] --END-- [ RunTime:0.002252s ]
NOTIC: [2] array_merge() [<a href='function.array-merge'>function.array-merge</a>]: Argument #1 is not an array E:\phpdev\Github\cwx\CwxSNS\sns\Conf\Home\config.php 第 6 行.
INFO: [ app_begin ] --START--
INFO: Run ReadHtmlCache Behavior [ RunTime:0.001215s ]
INFO: [ app_begin ] --END-- [ RunTime:0.001340s ]
SQL: SHOW COLUMNS FROM `sns_users` [ RunTime:0.002843s ]
SQL: SELECT * FROM `sns_users` WHERE ( `id` = 1 ) LIMIT 1   [ RunTime:0.000351s ]
SQL: SHOW COLUMNS FROM `sns_circles` [ RunTime:0.002489s ]
SQL: select c.id,c.name,r.join_time from sns_circles c inner join sns_relations r on c.id=r.cir_id where user_id=1 [ RunTime:0.000440s ]
INFO: [ view_template ] --START--
INFO: Run LocationTemplate Behavior [ RunTime:0.001049s ]
INFO: [ view_template ] --END-- [ RunTime:0.001125s ]
INFO: [ view_parse ] --START--
INFO: Run ParseTemplate Behavior [ RunTime:0.009178s ]
INFO: [ view_parse ] --END-- [ RunTime:0.009253s ]
INFO: [ view_filter ] --START--
INFO: Run ContentReplace Behavior [ RunTime:0.000390s ]
INFO: Run TokenBuild Behavior [ RunTime:0.000387s ]
INFO: Run WriteHtmlCache Behavior [ RunTime:0.000317s ]
INFO: Run ShowRuntime Behavior [ RunTime:0.000447s ]
INFO: [ view_filter ] --END-- [ RunTime:0.001680s ]
INFO: [ view_end ] --START--
INFO: Run ShowPageTrace Behavior [ RunTime:0.000583s ]
INFO: [ view_end ] --END-- [ RunTime:0.000633s ]

[ 2013-07-07T09:41:40+08:00 ] 127.0.0.1 /github/cwx/cwxsns/index.php/Circles/add
INFO: [ route_check ] --START--
INFO: Run CheckRoute Behavior [ RunTime:0.000691s ]
INFO: [ route_check ] --END-- [ RunTime:0.000767s ]
NOTIC: [2] array_merge() [<a href='function.array-merge'>function.array-merge</a>]: Argument #1 is not an array E:\phpdev\Github\cwx\CwxSNS\sns\Conf\Home\config.php 第 6 行.
INFO: [ app_begin ] --START--
INFO: Run ReadHtmlCache Behavior [ RunTime:0.000607s ]
INFO: [ app_begin ] --END-- [ RunTime:0.000676s ]
INFO: [ view_template ] --START--
INFO: Run LocationTemplate Behavior [ RunTime:0.000974s ]
INFO: [ view_template ] --END-- [ RunTime:0.001118s ]
INFO: [ view_parse ] --START--
INFO: Run ParseTemplate Behavior [ RunTime:0.008158s ]
INFO: [ view_parse ] --END-- [ RunTime:0.008265s ]
INFO: [ view_filter ] --START--
INFO: Run ContentReplace Behavior [ RunTime:0.000398s ]
INFO: Run TokenBuild Behavior [ RunTime:0.000493s ]
INFO: Run WriteHtmlCache Behavior [ RunTime:0.000319s ]
INFO: Run ShowRuntime Behavior [ RunTime:0.000447s ]
INFO: [ view_filter ] --END-- [ RunTime:0.001863s ]
INFO: [ view_end ] --START--
INFO: Run ShowPageTrace Behavior [ RunTime:0.000649s ]
INFO: [ view_end ] --END-- [ RunTime:0.000715s ]

[ 2013-07-07T09:41:43+08:00 ] 127.0.0.1 /github/cwx/cwxsns/index.php/Circles/search
INFO: [ route_check ] --START--
INFO: Run CheckRoute Behavior [ RunTime:0.000691s ]
INFO: [ route_check ] --END-- [ RunTime:0.000772s ]
NOTIC: [2] array_merge() [<a href='function.array-merge'>function.array-merge</a>]: Argument #1 is not an array E:\phpdev\Github\cwx\CwxSNS\sns\Conf\Home\config.php 第 6 行.
INFO: [ app_begin ] --START--
INFO: Run ReadHtmlCache Behavior [ RunTime:0.000459s ]
INFO: [ app_begin ] --END-- [ RunTime:0.000511s ]
INFO: [ view_template ] --START--
INFO: Run LocationTemplate Behavior [ RunTime:0.000417s ]
INFO: [ view_template ] --END-- [ RunTime:0.000477s ]
INFO: [ view_parse ] --START--
NOTIC: [8] Undefined variable: circles E:\phpdev\Github\cwx\CwxSNS\sns\Runtime\Cache\Home\8e555abf440baed0c6187b2accd2ec3b.php 第 12 行.
INFO: Run ParseTemplate Behavior [ RunTime:0.010739s ]
INFO: [ view_parse ] --END-- [ RunTime:0.010802s ]
INFO: [ view_filter ] --START--
INFO: Run ContentReplace Behavior [ RunTime:0.000405s ]
INFO: Run TokenBuild Behavior [ RunTime:0.000454s ]
INFO: Run WriteHtmlCache Behavior [ RunTime:0.000299s ]
INFO: Run ShowRuntime Behavior [ RunTime:0.000447s ]
INFO: [ view_filter ] --END-- [ RunTime:0.001787s ]
INFO: [ view_end ] --START--
INFO: Run ShowPageTrace Behavior [ RunTime:0.000673s ]
INFO: [ view_end ] --END-- [ RunTime:0.000737s ]

[ 2013-07-07T09:41:49+08:00 ] 127.0.0.1 /github/cwx/cwxsns/index.php/Circles/search
INFO: [ route_check ] --START--
INFO: Run CheckRoute Behavior [ RunTime:0.000688s ]
INFO: [ route_check ] --END-- [ RunTime:0.000769s ]
NOTIC: [2] array_merge() [<a href='function.array-merge'>function.array-merge</a>]: Argument #1 is not an array E:\phpdev\Github\cwx\CwxSNS\sns\Conf\Home\config.php 第 6 行.
INFO: [ app_begin ] --START--
INFO: Run ReadHtmlCache Behavior [ RunTime:0.000452s ]
INFO: [ app_begin ] --END-- [ RunTime:0.000503s ]
INFO: [ view_template ] --START--
INFO: Run LocationTemplate Behavior [ RunTime:0.000329s ]
INFO: [ view_template ] --END-- [ RunTime:0.000384s ]
INFO: [ view_parse ] --START--
NOTIC: [8] Undefined variable: circles E:\phpdev\Github\cwx\CwxSNS\sns\Runtime\Cache\Home\8e555abf440baed0c6187b2accd2ec3b.php 第 12 行.
INFO: Run ParseTemplate Behavior [ RunTime:0.007853s ]
INFO: [ view_parse ] --END-- [ RunTime:0.007953s ]
INFO: [ view_filter ] --START--
INFO: Run ContentReplace Behavior [ RunTime:0.000417s ]
INFO: Run TokenBuild Behavior [ RunTime:0.000396s ]
INFO: Run WriteHtmlCache Behavior [ RunTime:0.000266s ]
INFO: Run ShowRuntime Behavior [ RunTime:0.000415s ]
INFO: [ view_filter ] --END-- [ RunTime:0.001669s ]
INFO: [ view_end ] --START--
INFO: Run ShowPageTrace Behavior [ RunTime:0.000677s ]
INFO: [ view_end ] --END-- [ RunTime:0.000750s ]

[ 2013-07-07T09:41:52+08:00 ] 127.0.0.1 /github/cwx/cwxsns/index.php/Circles/search?keyword=%E4%BF%A1%E5%AE%89
INFO: [ route_check ] --START--
INFO: Run CheckRoute Behavior [ RunTime:0.000719s ]
INFO: [ route_check ] --END-- [ RunTime:0.000803s ]
NOTIC: [2] array_merge() [<a href='function.array-merge'>function.array-merge</a>]: Argument #1 is not an array E:\phpdev\Github\cwx\CwxSNS\sns\Conf\Home\config.php 第 6 行.
INFO: [ app_begin ] --START--
INFO: Run ReadHtmlCache Behavior [ RunTime:0.000463s ]
INFO: [ app_begin ] --END-- [ RunTime:0.000515s ]
SQL: SHOW COLUMNS FROM `sns_circles` [ RunTime:0.002591s ]
SQL: SELECT * FROM `sns_circles` WHERE ( name like '%信安%' )  [ RunTime:0.000341s ]
INFO: [ view_template ] --START--
INFO: Run LocationTemplate Behavior [ RunTime:0.000477s ]
INFO: [ view_template ] --END-- [ RunTime:0.000534s ]
INFO: [ view_parse ] --START--
INFO: Run ParseTemplate Behavior [ RunTime:0.006916s ]
INFO: [ view_parse ] --END-- [ RunTime:0.006979s ]
INFO: [ view_filter ] --START--
INFO: Run ContentReplace Behavior [ RunTime:0.000307s ]
INFO: Run TokenBuild Behavior [ RunTime:0.000310s ]
INFO: Run WriteHtmlCache Behavior [ RunTime:0.000216s ]
INFO: Run ShowRuntime Behavior [ RunTime:0.000459s ]
INFO: [ view_filter ] --END-- [ RunTime:0.001441s ]
INFO: [ view_end ] --START--
INFO: Run ShowPageTrace Behavior [ RunTime:0.000534s ]
INFO: [ view_end ] --END-- [ RunTime:0.000593s ]

[ 2013-07-07T09:41:53+08:00 ] ERR: (ThinkException) 非法操作:apply
[ 2013-07-07T10:11:12+08:00 ] 127.0.0.1 /github/cwx/cwxsns/index.php/Circles/apply/id/1
INFO: [ route_check ] --START--
INFO: Run CheckRoute Behavior [ RunTime:0.002392s ]
INFO: [ route_check ] --END-- [ RunTime:0.002653s ]
NOTIC: [2] array_merge() [<a href='function.array-merge'>function.array-merge</a>]: Argument #1 is not an array E:\phpdev\Github\cwx\CwxSNS\sns\Conf\Home\config.php 第 6 行.
INFO: [ app_begin ] --START--
INFO: Run ReadHtmlCache Behavior [ RunTime:0.001463s ]
INFO: [ app_begin ] --END-- [ RunTime:0.001631s ]

[ 2013-07-07T10:11:16+08:00 ] 127.0.0.1 /github/cwx/cwxsns/index.php/Circles/apply/id/1
INFO: [ route_check ] --START--
INFO: Run CheckRoute Behavior [ RunTime:0.000871s ]
INFO: [ route_check ] --END-- [ RunTime:0.001006s ]
NOTIC: [2] array_merge() [<a href='function.array-merge'>function.array-merge</a>]: Argument #1 is not an array E:\phpdev\Github\cwx\CwxSNS\sns\Conf\Home\config.php 第 6 行.
INFO: [ app_begin ] --START--
INFO: Run ReadHtmlCache Behavior [ RunTime:0.000984s ]
INFO: [ app_begin ] --END-- [ RunTime:0.001120s ]

